GROUP,PACKAGE,CLASS,INSTRUCTION_MISSED,INSTRUCTION_COVERED,BRANCH_MISSED,BRANCH_COVERED,LINE_MISSED,LINE_COVERED,COMPLEXITY_MISSED,COMPLEXITY_COVERED,METHOD_MISSED,METHOD_COVERED
rational,edu.ucsb.cs56.pconrad.rational,ReadFileOfRationals,117,0,12,0,21,0,9,0,3,0
rational,edu.ucsb.cs56.pconrad.rational,Main,66,0,2,0,17,0,3,0,2,0
rational,edu.ucsb.cs56.pconrad.rational,Rational,145,297,7,31,22,61,8,29,3,15
rational,edu.ucsb.cs56.pconrad.rational,PlainArrayDemo,82,0,6,0,13,0,5,0,2,0
rational,edu.ucsb.cs56.pconrad.rational,ArrayListDemo,77,0,6,0,14,0,5,0,2,0
